<?xml version="1.0" encoding="UTF-8"?>
<testng-results ignored="0" total="1" passed="1" failed="0" skipped="0">
  <reporter-output>
  </reporter-output>
  <suite started-at="2023-04-19T18:22:16 IST" name="Default suite" finished-at="2023-04-19T18:23:14 IST" duration-ms="58353">
    <groups>
    </groups>
    <test started-at="2023-04-19T18:22:16 IST" name="Default test" finished-at="2023-04-19T18:23:14 IST" duration-ms="58353">
      <class name="testcases.LoginTestCases">
        <test-method signature="login()[pri:0, instance:testcases.LoginTestCases@7ee955a8]" started-at="2023-04-19T18:22:16 IST" name="login" finished-at="2023-04-19T18:23:14 IST" duration-ms="58175" status="PASS">
          <reporter-output>
          </reporter-output>
        </test-method> <!-- login -->
      </class> <!-- testcases.LoginTestCases -->
    </test> <!-- Default test -->
  </suite> <!-- Default suite -->
</testng-results>
